# JRE version: Java(TM) SE Runtime Environment (7.0_67-b01) (build 1.7.0_67-b01)
# Java VM: Java HotSpot(TM) 64-Bit Server VM (24.65-b04 mixed mode linux-amd64 compressed oops)
Heap
 PSYoungGen      total 555520K, used 0K [0x00000007d6e00000, 0x00000007fed00000, 0x0000000800000000)
  eden space 463872K, 0% used [0x00000007d6e00000,0x00000007d6e00040,0x00000007f3300000)
  from space 91648K, 0% used [0x00000007f9380000,0x00000007f9380000,0x00000007fed00000)
  to   space 95232K, 0% used [0x00000007f3300000,0x00000007f3300000,0x00000007f9000000)
 ParOldGen       total 611840K, used 47544K [0x0000000784a00000, 0x00000007a9f80000, 0x00000007d6e00000)
  object space 611840K, 7% used [0x0000000784a00000,0x000000078786e010,0x00000007a9f80000)
 PSPermGen       total 83968K, used 83964K [0x000000077f800000, 0x0000000784a00000, 0x0000000784a00000)
  object space 83968K, 99% used [0x000000077f800000,0x00000007849ff018,0x0000000784a00000)
GC Heap History (10 events):
Event: 1636.161 GC heap before
{Heap before GC invocations=29 (full 9):
 PSYoungGen      total 562688K, used 0K [0x00000007d6e00000, 0x00000007ff800000, 0x0000000800000000)
  eden space 457216K, 0% used [0x00000007d6e00000,0x00000007d6e00000,0x00000007f2c80000)
  from space 105472K, 0% used [0x00000007f9100000,0x00000007f9100000,0x00000007ff800000)
  to   space 102912K, 0% used [0x00000007f2c80000,0x00000007f2c80000,0x00000007f9100000)
 ParOldGen       total 370688K, used 48164K [0x0000000784a00000, 0x000000079b400000, 0x00000007d6e00000)
  object space 370688K, 12% used [0x0000000784a00000,0x00000007879093f0,0x000000079b400000)
 PSPermGen       total 83968K, used 83967K [0x000000077f800000, 0x0000000784a00000, 0x0000000784a00000)
  object space 83968K, 99% used [0x000000077f800000,0x00000007849ffea0,0x0000000784a00000)
Event: 1636.383 GC heap after
Heap after GC invocations=29 (full 9):
 PSYoungGen      total 562688K, used 0K [0x00000007d6e00000, 0x00000007ff800000, 0x0000000800000000)
  eden space 457216K, 0% used [0x00000007d6e00000,0x00000007d6e00000,0x00000007f2c80000)
  from space 105472K, 0% used [0x00000007f9100000,0x00000007f9100000,0x00000007ff800000)
  to   space 102912K, 0% used [0x00000007f2c80000,0x00000007f2c80000,0x00000007f9100000)
 ParOldGen       total 436736K, used 47633K [0x0000000784a00000, 0x000000079f480000, 0x00000007d6e00000)
  object space 436736K, 10% used [0x0000000784a00000,0x00000007878844e0,0x000000079f480000)
 PSPermGen       total 83968K, used 83959K [0x000000077f800000, 0x0000000784a00000, 0x0000000784a00000)
  object space 83968K, 99% used [0x000000077f800000,0x00000007849fdfa8,0x0000000784a00000)
}
Event: 1636.383 GC heap before
{Heap before GC invocations=30 (full 9):
 PSYoungGen      total 562688K, used 3064K [0x00000007d6e00000, 0x00000007ff800000, 0x0000000800000000)
  eden space 457216K, 0% used [0x00000007d6e00000,0x00000007d70fe050,0x00000007f2c80000)
  from space 105472K, 0% used [0x00000007f9100000,0x00000007f9100000,0x00000007ff800000)
  to   space 102912K, 0% used [0x00000007f2c80000,0x00000007f2c80000,0x00000007f9100000)
 ParOldGen       total 436736K, used 47633K [0x0000000784a00000, 0x000000079f480000, 0x00000007d6e00000)
  object space 436736K, 10% used [0x0000000784a00000,0x00000007878844e0,0x000000079f480000)
 PSPermGen       total 83968K, used 83964K [0x000000077f800000, 0x0000000784a00000, 0x0000000784a00000)
  object space 83968K, 99% used [0x000000077f800000,0x00000007849ff018,0x0000000784a00000)
Event: 1636.387 GC heap after
Heap after GC invocations=30 (full 9):
 PSYoungGen      total 560128K, used 0K [0x00000007d6e00000, 0x00000007ff480000, 0x0000000800000000)
  eden space 457216K, 0% used [0x00000007d6e00000,0x00000007d6e00000,0x00000007f2c80000)
  from space 102912K, 0% used [0x00000007f2c80000,0x00000007f2c80000,0x00000007f9100000)
  to   space 99328K, 0% used [0x00000007f9380000,0x00000007f9380000,0x00000007ff480000)
 ParOldGen       total 436736K, used 47633K [0x0000000784a00000, 0x000000079f480000, 0x00000007d6e00000)
  object space 436736K, 10% used [0x0000000784a00000,0x00000007878844e0,0x000000079f480000)
 PSPermGen       total 83968K, used 83964K [0x000000077f800000, 0x0000000784a00000, 0x0000000784a00000)
  object space 83968K, 99% used [0x000000077f800000,0x00000007849ff018,0x0000000784a00000)
}
Event: 1636.387 GC heap before
{Heap before GC invocations=31 (full 10):
 PSYoungGen      total 560128K, used 0K [0x00000007d6e00000, 0x00000007ff480000, 0x0000000800000000)
  eden space 457216K, 0% used [0x00000007d6e00000,0x00000007d6e00000,0x00000007f2c80000)
  from space 102912K, 0% used [0x00000007f2c80000,0x00000007f2c80000,0x00000007f9100000)
  to   space 99328K, 0% used [0x00000007f9380000,0x00000007f9380000,0x00000007ff480000)
 ParOldGen       total 436736K, used 47633K [0x0000000784a00000, 0x000000079f480000, 0x00000007d6e00000)
  object space 436736K, 10% used [0x0000000784a00000,0x00000007878844e0,0x000000079f480000)
 PSPermGen       total 83968K, used 83964K [0x000000077f800000, 0x0000000784a00000, 0x0000000784a00000)
  object space 83968K, 99% used [0x000000077f800000,0x00000007849ff018,0x0000000784a00000)
Event: 1636.531 GC heap after
Heap after GC invocations=31 (full 10):
 PSYoungGen      total 560128K, used 0K [0x00000007d6e00000, 0x00000007ff480000, 0x0000000800000000)
  eden space 457216K, 0% used [0x00000007d6e00000,0x00000007d6e00000,0x00000007f2c80000)
  from space 102912K, 0% used [0x00000007f2c80000,0x00000007f2c80000,0x00000007f9100000)
  to   space 99328K, 0% used [0x00000007f9380000,0x00000007f9380000,0x00000007ff480000)
 ParOldGen       total 520704K, used 47544K [0x0000000784a00000, 0x00000007a4680000, 0x00000007d6e00000)
  object space 520704K, 9% used [0x0000000784a00000,0x000000078786e010,0x00000007a4680000)
 PSPermGen       total 83968K, used 83964K [0x000000077f800000, 0x0000000784a00000, 0x0000000784a00000)
  object space 83968K, 99% used [0x000000077f800000,0x00000007849ff018,0x0000000784a00000)
}
Event: 1636.531 GC heap before
{Heap before GC invocations=32 (full 10):
 PSYoungGen      total 560128K, used 0K [0x00000007d6e00000, 0x00000007ff480000, 0x0000000800000000)
  eden space 457216K, 0% used [0x00000007d6e00000,0x00000007d6e00000,0x00000007f2c80000)
  from space 102912K, 0% used [0x00000007f2c80000,0x00000007f2c80000,0x00000007f9100000)
  to   space 99328K, 0% used [0x00000007f9380000,0x00000007f9380000,0x00000007ff480000)
 ParOldGen       total 520704K, used 47544K [0x0000000784a00000, 0x00000007a4680000, 0x00000007d6e00000)
  object space 520704K, 9% used [0x0000000784a00000,0x000000078786e010,0x00000007a4680000)
 PSPermGen       total 83968K, used 83964K [0x000000077f800000, 0x0000000784a00000, 0x0000000784a00000)
  object space 83968K, 99% used [0x000000077f800000,0x00000007849ff018,0x0000000784a00000)
Event: 1636.538 GC heap after
Heap after GC invocations=32 (full 10):
 PSYoungGen      total 555520K, used 0K [0x00000007d6e00000, 0x00000007fed00000, 0x0000000800000000)
  eden space 463872K, 0% used [0x00000007d6e00000,0x00000007d6e00000,0x00000007f3300000)
  from space 91648K, 0% used [0x00000007f9380000,0x00000007f9380000,0x00000007fed00000)
  to   space 95232K, 0% used [0x00000007f3300000,0x00000007f3300000,0x00000007f9000000)
 ParOldGen       total 520704K, used 47544K [0x0000000784a00000, 0x00000007a4680000, 0x00000007d6e00000)
  object space 520704K, 9% used [0x0000000784a00000,0x000000078786e010,0x00000007a4680000)
 PSPermGen       total 83968K, used 83964K [0x000000077f800000, 0x0000000784a00000, 0x0000000784a00000)
  object space 83968K, 99% used [0x000000077f800000,0x00000007849ff018,0x0000000784a00000)
}
Event: 1636.538 GC heap before
{Heap before GC invocations=33 (full 11):
 PSYoungGen      total 555520K, used 0K [0x00000007d6e00000, 0x00000007fed00000, 0x0000000800000000)
  eden space 463872K, 0% used [0x00000007d6e00000,0x00000007d6e00000,0x00000007f3300000)
  from space 91648K, 0% used [0x00000007f9380000,0x00000007f9380000,0x00000007fed00000)
  to   space 95232K, 0% used [0x00000007f3300000,0x00000007f3300000,0x00000007f9000000)
 ParOldGen       total 520704K, used 47544K [0x0000000784a00000, 0x00000007a4680000, 0x00000007d6e00000)
  object space 520704K, 9% used [0x0000000784a00000,0x000000078786e010,0x00000007a4680000)
 PSPermGen       total 83968K, used 83964K [0x000000077f800000, 0x0000000784a00000, 0x0000000784a00000)
  object space 83968K, 99% used [0x000000077f800000,0x00000007849ff018,0x0000000784a00000)
Event: 1636.722 GC heap after
Heap after GC invocations=33 (full 11):
 PSYoungGen      total 555520K, used 0K [0x00000007d6e00000, 0x00000007fed00000, 0x0000000800000000)
  eden space 463872K, 0% used [0x00000007d6e00000,0x00000007d6e00000,0x00000007f3300000)
  from space 91648K, 0% used [0x00000007f9380000,0x00000007f9380000,0x00000007fed00000)
  to   space 95232K, 0% used [0x00000007f3300000,0x00000007f3300000,0x00000007f9000000)
 ParOldGen       total 611840K, used 47544K [0x0000000784a00000, 0x00000007a9f80000, 0x00000007d6e00000)
  object space 611840K, 7% used [0x0000000784a00000,0x000000078786e010,0x00000007a9f80000)
 PSPermGen       total 83968K, used 83964K [0x000000077f800000, 0x0000000784a00000, 0x0000000784a00000)
  object space 83968K, 99% used [0x000000077f800000,0x00000007849ff018,0x0000000784a00000)
}

