# JRE version: Java(TM) SE Runtime Environment (7.0_67-b01) (build 1.7.0_67-b01)
# Java VM: Java HotSpot(TM) 64-Bit Server VM (24.65-b04 mixed mode linux-amd64 compressed oops)
Heap
 PSYoungGen      total 520704K, used 0K [0x00000007d6e00000, 0x00000007fc780000, 0x0000000800000000)
  eden space 436736K, 0% used [0x00000007d6e00000,0x00000007d6e00040,0x00000007f1880000)
  from space 83968K, 0% used [0x00000007f7580000,0x00000007f7580000,0x00000007fc780000)
  to   space 89600K, 0% used [0x00000007f1880000,0x00000007f1880000,0x00000007f7000000)
 ParOldGen       total 1121792K, used 43524K [0x0000000784a00000, 0x00000007c9180000, 0x00000007d6e00000)
  object space 1121792K, 3% used [0x0000000784a00000,0x0000000787481158,0x00000007c9180000)
 PSPermGen       total 83968K, used 83967K [0x000000077f800000, 0x0000000784a00000, 0x0000000784a00000)
  object space 83968K, 99% used [0x000000077f800000,0x00000007849fff28,0x0000000784a00000)
GC Heap History (10 events):
Event: 1316.176 GC heap before
{Heap before GC invocations=44 (full 14):
 PSYoungGen      total 526848K, used 64K [0x00000007d6e00000, 0x00000007fd800000, 0x0000000800000000)
  eden space 433152K, 0% used [0x00000007d6e00000,0x00000007d6e00000,0x00000007f1500000)
  from space 93696K, 0% used [0x00000007f7c80000,0x00000007f7c90000,0x00000007fd800000)
  to   space 99840K, 0% used [0x00000007f1500000,0x00000007f1500000,0x00000007f7680000)
 ParOldGen       total 686592K, used 43544K [0x0000000784a00000, 0x00000007ae880000, 0x00000007d6e00000)
  object space 686592K, 6% used [0x0000000784a00000,0x0000000787486030,0x00000007ae880000)
 PSPermGen       total 83968K, used 83967K [0x000000077f800000, 0x0000000784a00000, 0x0000000784a00000)
  object space 83968K, 99% used [0x000000077f800000,0x00000007849fff90,0x0000000784a00000)
Event: 1316.292 GC heap after
Heap after GC invocations=44 (full 14):
 PSYoungGen      total 526848K, used 0K [0x00000007d6e00000, 0x00000007fd800000, 0x0000000800000000)
  eden space 433152K, 0% used [0x00000007d6e00000,0x00000007d6e00000,0x00000007f1500000)
  from space 93696K, 0% used [0x00000007f7c80000,0x00000007f7c80000,0x00000007fd800000)
  to   space 99840K, 0% used [0x00000007f1500000,0x00000007f1500000,0x00000007f7680000)
 ParOldGen       total 809984K, used 43524K [0x0000000784a00000, 0x00000007b6100000, 0x00000007d6e00000)
  object space 809984K, 5% used [0x0000000784a00000,0x0000000787481288,0x00000007b6100000)
 PSPermGen       total 83968K, used 83963K [0x000000077f800000, 0x0000000784a00000, 0x0000000784a00000)
  object space 83968K, 99% used [0x000000077f800000,0x00000007849fef68,0x0000000784a00000)
}
Event: 1316.292 GC heap before
{Heap before GC invocations=45 (full 14):
 PSYoungGen      total 526848K, used 1907K [0x00000007d6e00000, 0x00000007fd800000, 0x0000000800000000)
  eden space 433152K, 0% used [0x00000007d6e00000,0x00000007d6fdccc0,0x00000007f1500000)
  from space 93696K, 0% used [0x00000007f7c80000,0x00000007f7c80000,0x00000007fd800000)
  to   space 99840K, 0% used [0x00000007f1500000,0x00000007f1500000,0x00000007f7680000)
 ParOldGen       total 809984K, used 43524K [0x0000000784a00000, 0x00000007b6100000, 0x00000007d6e00000)
  object space 809984K, 5% used [0x0000000784a00000,0x0000000787481288,0x00000007b6100000)
 PSPermGen       total 83968K, used 83967K [0x000000077f800000, 0x0000000784a00000, 0x0000000784a00000)
  object space 83968K, 99% used [0x000000077f800000,0x00000007849fff48,0x0000000784a00000)
Event: 1316.295 GC heap after
Heap after GC invocations=45 (full 14):
 PSYoungGen      total 433664K, used 0K [0x00000007d6e00000, 0x00000007fd200000, 0x0000000800000000)
  eden space 433152K, 0% used [0x00000007d6e00000,0x00000007d6e00000,0x00000007f1500000)
  from space 512K, 0% used [0x00000007f1500000,0x00000007f1500000,0x00000007f1580000)
  to   space 94720K, 0% used [0x00000007f7580000,0x00000007f7580000,0x00000007fd200000)
 ParOldGen       total 809984K, used 43524K [0x0000000784a00000, 0x00000007b6100000, 0x00000007d6e00000)
  object space 809984K, 5% used [0x0000000784a00000,0x0000000787481288,0x00000007b6100000)
 PSPermGen       total 83968K, used 83967K [0x000000077f800000, 0x0000000784a00000, 0x0000000784a00000)
  object space 83968K, 99% used [0x000000077f800000,0x00000007849fff48,0x0000000784a00000)
}
Event: 1316.295 GC heap before
{Heap before GC invocations=46 (full 15):
 PSYoungGen      total 433664K, used 0K [0x00000007d6e00000, 0x00000007fd200000, 0x0000000800000000)
  eden space 433152K, 0% used [0x00000007d6e00000,0x00000007d6e00000,0x00000007f1500000)
  from space 512K, 0% used [0x00000007f1500000,0x00000007f1500000,0x00000007f1580000)
  to   space 94720K, 0% used [0x00000007f7580000,0x00000007f7580000,0x00000007fd200000)
 ParOldGen       total 809984K, used 43524K [0x0000000784a00000, 0x00000007b6100000, 0x00000007d6e00000)
  object space 809984K, 5% used [0x0000000784a00000,0x0000000787481288,0x00000007b6100000)
 PSPermGen       total 83968K, used 83967K [0x000000077f800000, 0x0000000784a00000, 0x0000000784a00000)
  object space 83968K, 99% used [0x000000077f800000,0x00000007849fff48,0x0000000784a00000)
Event: 1316.460 GC heap after
Heap after GC invocations=46 (full 15):
 PSYoungGen      total 433664K, used 0K [0x00000007d6e00000, 0x00000007fd200000, 0x0000000800000000)
  eden space 433152K, 0% used [0x00000007d6e00000,0x00000007d6e00000,0x00000007f1500000)
  from space 512K, 0% used [0x00000007f1500000,0x00000007f1500000,0x00000007f1580000)
  to   space 94720K, 0% used [0x00000007f7580000,0x00000007f7580000,0x00000007fd200000)
 ParOldGen       total 951808K, used 43524K [0x0000000784a00000, 0x00000007beb80000, 0x00000007d6e00000)
  object space 951808K, 4% used [0x0000000784a00000,0x0000000787481158,0x00000007beb80000)
 PSPermGen       total 83968K, used 83967K [0x000000077f800000, 0x0000000784a00000, 0x0000000784a00000)
  object space 83968K, 99% used [0x000000077f800000,0x00000007849fff28,0x0000000784a00000)
}
Event: 1316.460 GC heap before
{Heap before GC invocations=47 (full 15):
 PSYoungGen      total 433664K, used 0K [0x00000007d6e00000, 0x00000007fd200000, 0x0000000800000000)
  eden space 433152K, 0% used [0x00000007d6e00000,0x00000007d6e00000,0x00000007f1500000)
  from space 512K, 0% used [0x00000007f1500000,0x00000007f1500000,0x00000007f1580000)
  to   space 94720K, 0% used [0x00000007f7580000,0x00000007f7580000,0x00000007fd200000)
 ParOldGen       total 951808K, used 43524K [0x0000000784a00000, 0x00000007beb80000, 0x00000007d6e00000)
  object space 951808K, 4% used [0x0000000784a00000,0x0000000787481158,0x00000007beb80000)
 PSPermGen       total 83968K, used 83967K [0x000000077f800000, 0x0000000784a00000, 0x0000000784a00000)
  object space 83968K, 99% used [0x000000077f800000,0x00000007849fff28,0x0000000784a00000)
Event: 1316.463 GC heap after
Heap after GC invocations=47 (full 15):
 PSYoungGen      total 520704K, used 0K [0x00000007d6e00000, 0x00000007fc780000, 0x0000000800000000)
  eden space 436736K, 0% used [0x00000007d6e00000,0x00000007d6e00000,0x00000007f1880000)
  from space 83968K, 0% used [0x00000007f7580000,0x00000007f7580000,0x00000007fc780000)
  to   space 89600K, 0% used [0x00000007f1880000,0x00000007f1880000,0x00000007f7000000)
 ParOldGen       total 951808K, used 43524K [0x0000000784a00000, 0x00000007beb80000, 0x00000007d6e00000)
  object space 951808K, 4% used [0x0000000784a00000,0x0000000787481158,0x00000007beb80000)
 PSPermGen       total 83968K, used 83967K [0x000000077f800000, 0x0000000784a00000, 0x0000000784a00000)
  object space 83968K, 99% used [0x000000077f800000,0x00000007849fff28,0x0000000784a00000)
}
Event: 1316.464 GC heap before
{Heap before GC invocations=48 (full 16):
 PSYoungGen      total 520704K, used 0K [0x00000007d6e00000, 0x00000007fc780000, 0x0000000800000000)
  eden space 436736K, 0% used [0x00000007d6e00000,0x00000007d6e00000,0x00000007f1880000)
  from space 83968K, 0% used [0x00000007f7580000,0x00000007f7580000,0x00000007fc780000)
  to   space 89600K, 0% used [0x00000007f1880000,0x00000007f1880000,0x00000007f7000000)
 ParOldGen       total 951808K, used 43524K [0x0000000784a00000, 0x00000007beb80000, 0x00000007d6e00000)
  object space 951808K, 4% used [0x0000000784a00000,0x0000000787481158,0x00000007beb80000)
 PSPermGen       total 83968K, used 83967K [0x000000077f800000, 0x0000000784a00000, 0x0000000784a00000)
  object space 83968K, 99% used [0x000000077f800000,0x00000007849fff28,0x0000000784a00000)
Event: 1316.576 GC heap after
Heap after GC invocations=48 (full 16):
 PSYoungGen      total 520704K, used 0K [0x00000007d6e00000, 0x00000007fc780000, 0x0000000800000000)
  eden space 436736K, 0% used [0x00000007d6e00000,0x00000007d6e00000,0x00000007f1880000)
  from space 83968K, 0% used [0x00000007f7580000,0x00000007f7580000,0x00000007fc780000)
  to   space 89600K, 0% used [0x00000007f1880000,0x00000007f1880000,0x00000007f7000000)
 ParOldGen       total 1121792K, used 43524K [0x0000000784a00000, 0x00000007c9180000, 0x00000007d6e00000)
  object space 1121792K, 3% used [0x0000000784a00000,0x0000000787481158,0x00000007c9180000)
 PSPermGen       total 83968K, used 83967K [0x000000077f800000, 0x0000000784a00000, 0x0000000784a00000)
  object space 83968K, 99% used [0x000000077f800000,0x00000007849fff28,0x0000000784a00000)
}

